1739713796.989421 client started (7156): version 3.5a, socket /private/tmp/tmux-501/default, protocol 8
1739713796.989478 on Darwin 24.3.0 Darwin Kernel Version 24.3.0: Thu Jan  2 20:24:22 PST 2025; root:xnu-11215.81.4~3/RELEASE_ARM64_T6041
1739713796.989488 using libevent 2.1.12-stable select
1739713796.989507 using utf8proc 2.10.0
1739713796.989513 using ncurses 6.5 20240427
1739713796.989530 flags are 0x18010000
1739713796.989536 socket is /private/tmp/tmux-501/default
1739713796.989550 trying connect
1739713796.989598 add peer 0x150048000: 6 (0x0)
1739713796.991444 sending message 111 to peer 0x150048000 (8 bytes)
1739713796.991460 sending message 111 to peer 0x150048000 (8 bytes)
1739713796.991465 sending message 101 to peer 0x150048000 (12 bytes)
1739713796.991470 sending message 109 to peer 0x150048000 (4 bytes)
1739713796.991474 sending message 102 to peer 0x150048000 (13 bytes)
1739713796.991478 sending message 108 to peer 0x150048000 (25 bytes)
1739713796.991482 sending message 112 to peer 0x150048000 (70 bytes)
1739713796.991486 sending message 112 to peer 0x150048000 (5 bytes)
1739713796.991490 sending message 112 to peer 0x150048000 (6 bytes)
1739713796.991494 sending message 112 to peer 0x150048000 (6 bytes)
1739713796.991498 sending message 112 to peer 0x150048000 (10 bytes)
1739713796.991502 sending message 112 to peer 0x150048000 (13 bytes)
1739713796.991506 sending message 112 to peer 0x150048000 (14 bytes)
1739713796.991511 sending message 112 to peer 0x150048000 (19 bytes)
1739713796.991515 sending message 112 to peer 0x150048000 (11 bytes)
1739713796.991519 sending message 112 to peer 0x150048000 (10 bytes)
1739713796.991522 sending message 112 to peer 0x150048000 (15 bytes)
1739713796.991526 sending message 112 to peer 0x150048000 (21 bytes)
1739713796.991529 sending message 112 to peer 0x150048000 (13 bytes)
1739713796.991533 sending message 112 to peer 0x150048000 (7 bytes)
1739713796.991537 sending message 112 to peer 0x150048000 (13 bytes)
1739713796.991540 sending message 112 to peer 0x150048000 (7 bytes)
1739713796.991544 sending message 112 to peer 0x150048000 (13 bytes)
1739713796.991549 sending message 112 to peer 0x150048000 (9 bytes)
1739713796.991553 sending message 112 to peer 0x150048000 (21 bytes)
1739713796.991557 sending message 112 to peer 0x150048000 (13 bytes)
1739713796.991561 sending message 112 to peer 0x150048000 (9 bytes)
1739713796.991564 sending message 112 to peer 0x150048000 (16 bytes)
1739713796.991568 sending message 112 to peer 0x150048000 (13 bytes)
1739713796.991572 sending message 112 to peer 0x150048000 (9 bytes)
1739713796.991575 sending message 112 to peer 0x150048000 (9 bytes)
1739713796.991579 sending message 112 to peer 0x150048000 (12 bytes)
1739713796.991582 sending message 112 to peer 0x150048000 (8 bytes)
1739713796.991586 sending message 112 to peer 0x150048000 (13 bytes)
1739713796.991589 sending message 112 to peer 0x150048000 (7 bytes)
1739713796.991593 sending message 112 to peer 0x150048000 (7 bytes)
1739713796.991597 sending message 112 to peer 0x150048000 (9 bytes)
1739713796.991601 sending message 112 to peer 0x150048000 (6 bytes)
1739713796.991605 sending message 112 to peer 0x150048000 (9 bytes)
1739713796.991609 sending message 112 to peer 0x150048000 (15 bytes)
1739713796.991613 sending message 112 to peer 0x150048000 (13 bytes)
1739713796.991618 sending message 112 to peer 0x150048000 (12 bytes)
1739713796.991621 sending message 112 to peer 0x150048000 (8 bytes)
1739713796.991625 sending message 112 to peer 0x150048000 (14 bytes)
1739713796.991628 sending message 112 to peer 0x150048000 (9 bytes)
1739713796.991632 sending message 112 to peer 0x150048000 (10 bytes)
1739713796.991636 sending message 112 to peer 0x150048000 (10 bytes)
1739713796.991639 sending message 112 to peer 0x150048000 (10 bytes)
1739713796.991643 sending message 112 to peer 0x150048000 (10 bytes)
1739713796.991646 sending message 112 to peer 0x150048000 (11 bytes)
1739713796.991651 sending message 112 to peer 0x150048000 (12 bytes)
1739713796.991655 sending message 112 to peer 0x150048000 (12 bytes)
1739713796.991677 sending message 112 to peer 0x150048000 (12 bytes)
1739713796.991680 sending message 112 to peer 0x150048000 (12 bytes)
1739713796.991683 sending message 112 to peer 0x150048000 (12 bytes)
1739713796.991685 sending message 112 to peer 0x150048000 (11 bytes)
1739713796.991688 sending message 112 to peer 0x150048000 (11 bytes)
1739713796.991692 sending message 112 to peer 0x150048000 (12 bytes)
1739713796.991695 sending message 112 to peer 0x150048000 (12 bytes)
1739713796.991698 sending message 112 to peer 0x150048000 (12 bytes)
1739713796.991701 sending message 112 to peer 0x150048000 (12 bytes)
1739713796.991704 sending message 112 to peer 0x150048000 (12 bytes)
1739713796.991706 sending message 112 to peer 0x150048000 (9 bytes)
1739713796.991709 sending message 112 to peer 0x150048000 (12 bytes)
1739713796.991711 sending message 112 to peer 0x150048000 (13 bytes)
1739713796.991714 sending message 112 to peer 0x150048000 (13 bytes)
1739713796.991716 sending message 112 to peer 0x150048000 (13 bytes)
1739713796.991719 sending message 112 to peer 0x150048000 (13 bytes)
1739713796.991722 sending message 112 to peer 0x150048000 (13 bytes)
1739713796.991724 sending message 112 to peer 0x150048000 (8 bytes)
1739713796.991727 sending message 112 to peer 0x150048000 (11 bytes)
1739713796.991729 sending message 112 to peer 0x150048000 (11 bytes)
1739713796.991732 sending message 112 to peer 0x150048000 (11 bytes)
1739713796.991734 sending message 112 to peer 0x150048000 (12 bytes)
1739713796.991738 sending message 112 to peer 0x150048000 (12 bytes)
1739713796.991741 sending message 112 to peer 0x150048000 (13 bytes)
1739713796.991744 sending message 112 to peer 0x150048000 (12 bytes)
1739713796.991747 sending message 112 to peer 0x150048000 (13 bytes)
1739713796.991749 sending message 112 to peer 0x150048000 (13 bytes)
1739713796.991752 sending message 112 to peer 0x150048000 (13 bytes)
1739713796.991755 sending message 112 to peer 0x150048000 (8 bytes)
1739713796.991757 sending message 112 to peer 0x150048000 (13 bytes)
1739713796.991760 sending message 112 to peer 0x150048000 (13 bytes)
1739713796.991763 sending message 112 to peer 0x150048000 (13 bytes)
1739713796.991765 sending message 112 to peer 0x150048000 (13 bytes)
1739713796.991768 sending message 112 to peer 0x150048000 (13 bytes)
1739713796.991770 sending message 112 to peer 0x150048000 (12 bytes)
1739713796.991773 sending message 112 to peer 0x150048000 (12 bytes)
1739713796.991775 sending message 112 to peer 0x150048000 (13 bytes)
1739713796.991778 sending message 112 to peer 0x150048000 (12 bytes)
1739713796.991780 sending message 112 to peer 0x150048000 (13 bytes)
1739713796.991784 sending message 112 to peer 0x150048000 (8 bytes)
1739713796.991787 sending message 112 to peer 0x150048000 (13 bytes)
1739713796.991790 sending message 112 to peer 0x150048000 (13 bytes)
1739713796.991793 sending message 112 to peer 0x150048000 (13 bytes)
1739713796.991796 sending message 112 to peer 0x150048000 (13 bytes)
1739713796.991799 sending message 112 to peer 0x150048000 (13 bytes)
1739713796.991801 sending message 112 to peer 0x150048000 (13 bytes)
1739713796.991804 sending message 112 to peer 0x150048000 (13 bytes)
1739713796.991806 sending message 112 to peer 0x150048000 (12 bytes)
1739713796.991809 sending message 112 to peer 0x150048000 (12 bytes)
1739713796.991812 sending message 112 to peer 0x150048000 (13 bytes)
1739713796.991814 sending message 112 to peer 0x150048000 (8 bytes)
1739713796.991817 sending message 112 to peer 0x150048000 (12 bytes)
1739713796.991820 sending message 112 to peer 0x150048000 (13 bytes)
1739713796.991823 sending message 112 to peer 0x150048000 (13 bytes)
1739713796.991826 sending message 112 to peer 0x150048000 (13 bytes)
1739713796.991830 sending message 112 to peer 0x150048000 (13 bytes)
1739713796.991833 sending message 112 to peer 0x150048000 (13 bytes)
1739713796.991837 sending message 112 to peer 0x150048000 (13 bytes)
1739713796.991839 sending message 112 to peer 0x150048000 (13 bytes)
1739713796.991842 sending message 112 to peer 0x150048000 (13 bytes)
1739713796.991850 sending message 112 to peer 0x150048000 (12 bytes)
1739713796.991853 sending message 112 to peer 0x150048000 (10 bytes)
1739713796.991855 sending message 112 to peer 0x150048000 (12 bytes)
1739713796.991858 sending message 112 to peer 0x150048000 (13 bytes)
1739713796.991861 sending message 112 to peer 0x150048000 (12 bytes)
1739713796.991863 sending message 112 to peer 0x150048000 (13 bytes)
1739713796.991866 sending message 112 to peer 0x150048000 (13 bytes)
1739713796.991868 sending message 112 to peer 0x150048000 (13 bytes)
1739713796.991871 sending message 112 to peer 0x150048000 (13 bytes)
1739713796.991873 sending message 112 to peer 0x150048000 (13 bytes)
1739713796.991877 sending message 112 to peer 0x150048000 (13 bytes)
1739713796.991880 sending message 112 to peer 0x150048000 (13 bytes)
1739713796.991883 sending message 112 to peer 0x150048000 (10 bytes)
1739713796.991886 sending message 112 to peer 0x150048000 (13 bytes)
1739713796.991888 sending message 112 to peer 0x150048000 (12 bytes)
1739713796.991891 sending message 112 to peer 0x150048000 (12 bytes)
1739713796.991894 sending message 112 to peer 0x150048000 (13 bytes)
1739713796.991897 sending message 112 to peer 0x150048000 (10 bytes)
1739713796.991899 sending message 112 to peer 0x150048000 (10 bytes)
1739713796.991902 sending message 112 to peer 0x150048000 (10 bytes)
1739713796.991904 sending message 112 to peer 0x150048000 (12 bytes)
1739713796.991907 sending message 112 to peer 0x150048000 (13 bytes)
1739713796.991910 sending message 112 to peer 0x150048000 (13 bytes)
1739713796.991912 sending message 112 to peer 0x150048000 (13 bytes)
1739713796.991915 sending message 112 to peer 0x150048000 (13 bytes)
1739713796.991917 sending message 112 to peer 0x150048000 (13 bytes)
1739713796.991920 sending message 112 to peer 0x150048000 (10 bytes)
1739713796.991923 sending message 112 to peer 0x150048000 (11 bytes)
1739713796.991925 sending message 112 to peer 0x150048000 (12 bytes)
1739713796.991928 sending message 112 to peer 0x150048000 (12 bytes)
1739713796.991931 sending message 112 to peer 0x150048000 (12 bytes)
1739713796.991933 sending message 112 to peer 0x150048000 (12 bytes)
1739713796.991936 sending message 112 to peer 0x150048000 (12 bytes)
1739713796.991938 sending message 112 to peer 0x150048000 (11 bytes)
1739713796.991941 sending message 112 to peer 0x150048000 (12 bytes)
1739713796.991943 sending message 112 to peer 0x150048000 (12 bytes)
1739713796.991946 sending message 112 to peer 0x150048000 (13 bytes)
1739713796.991949 sending message 112 to peer 0x150048000 (13 bytes)
1739713796.991951 sending message 112 to peer 0x150048000 (13 bytes)
1739713796.991954 sending message 112 to peer 0x150048000 (13 bytes)
1739713796.991956 sending message 112 to peer 0x150048000 (13 bytes)
1739713796.991959 sending message 112 to peer 0x150048000 (10 bytes)
1739713796.991961 sending message 112 to peer 0x150048000 (9 bytes)
1739713796.991964 sending message 112 to peer 0x150048000 (12 bytes)
1739713796.991966 sending message 112 to peer 0x150048000 (13 bytes)
1739713796.991969 sending message 112 to peer 0x150048000 (13 bytes)
1739713796.991971 sending message 112 to peer 0x150048000 (13 bytes)
1739713796.991974 sending message 112 to peer 0x150048000 (13 bytes)
1739713796.991977 sending message 112 to peer 0x150048000 (13 bytes)
1739713796.991980 sending message 112 to peer 0x150048000 (9 bytes)
1739713796.991984 sending message 112 to peer 0x150048000 (12 bytes)
1739713796.991986 sending message 112 to peer 0x150048000 (13 bytes)
1739713796.991989 sending message 112 to peer 0x150048000 (13 bytes)
1739713796.991992 sending message 112 to peer 0x150048000 (13 bytes)
1739713796.991994 sending message 112 to peer 0x150048000 (13 bytes)
1739713796.991997 sending message 112 to peer 0x150048000 (13 bytes)
1739713796.991999 sending message 112 to peer 0x150048000 (11 bytes)
1739713796.992002 sending message 112 to peer 0x150048000 (12 bytes)
1739713796.992004 sending message 112 to peer 0x150048000 (13 bytes)
1739713796.992011 sending message 112 to peer 0x150048000 (13 bytes)
1739713796.992014 sending message 112 to peer 0x150048000 (13 bytes)
1739713796.992017 sending message 112 to peer 0x150048000 (13 bytes)
1739713796.992020 sending message 112 to peer 0x150048000 (13 bytes)
1739713796.992024 sending message 112 to peer 0x150048000 (11 bytes)
1739713796.992026 sending message 112 to peer 0x150048000 (12 bytes)
1739713796.992029 sending message 112 to peer 0x150048000 (12 bytes)
1739713796.992032 sending message 112 to peer 0x150048000 (12 bytes)
1739713796.992034 sending message 112 to peer 0x150048000 (12 bytes)
1739713796.992037 sending message 112 to peer 0x150048000 (12 bytes)
1739713796.992040 sending message 112 to peer 0x150048000 (22 bytes)
1739713796.992042 sending message 112 to peer 0x150048000 (12 bytes)
1739713796.992045 sending message 112 to peer 0x150048000 (9 bytes)
1739713796.992047 sending message 112 to peer 0x150048000 (6 bytes)
1739713796.992050 sending message 112 to peer 0x150048000 (13 bytes)
1739713796.992052 sending message 112 to peer 0x150048000 (10 bytes)
1739713796.992055 sending message 112 to peer 0x150048000 (15 bytes)
1739713796.992057 sending message 112 to peer 0x150048000 (11 bytes)
1739713796.992060 sending message 112 to peer 0x150048000 (9 bytes)
1739713796.992064 sending message 112 to peer 0x150048000 (70 bytes)
1739713796.992067 sending message 112 to peer 0x150048000 (69 bytes)
1739713796.992070 sending message 112 to peer 0x150048000 (34 bytes)
1739713796.992073 sending message 112 to peer 0x150048000 (34 bytes)
1739713796.992075 sending message 112 to peer 0x150048000 (69 bytes)
1739713796.992078 sending message 112 to peer 0x150048000 (12 bytes)
1739713796.992081 sending message 112 to peer 0x150048000 (10 bytes)
1739713796.992083 sending message 112 to peer 0x150048000 (10 bytes)
1739713796.992086 sending message 112 to peer 0x150048000 (15 bytes)
1739713796.992088 sending message 112 to peer 0x150048000 (11 bytes)
1739713796.992091 sending message 112 to peer 0x150048000 (10 bytes)
1739713796.992093 sending message 112 to peer 0x150048000 (10 bytes)
1739713796.992096 sending message 112 to peer 0x150048000 (17 bytes)
1739713796.992098 sending message 112 to peer 0x150048000 (10 bytes)
1739713796.992101 sending message 112 to peer 0x150048000 (13 bytes)
1739713796.992103 sending message 112 to peer 0x150048000 (17 bytes)
1739713796.992106 sending message 112 to peer 0x150048000 (5 bytes)
1739713796.992109 sending message 112 to peer 0x150048000 (9 bytes)
1739713796.992113 sending message 112 to peer 0x150048000 (15 bytes)
1739713796.992117 sending message 104 to peer 0x150048000 (0 bytes)
1739713796.992120 sending message 110 to peer 0x150048000 (0 bytes)
1739713796.992123 sending message 107 to peer 0x150048000 (4 bytes)
1739713796.992126 sending message 105 to peer 0x150048000 (18 bytes)
1739713796.992129 sending message 105 to peer 0x150048000 (38 bytes)
1739713796.992131 sending message 105 to peer 0x150048000 (29 bytes)
1739713796.992134 sending message 105 to peer 0x150048000 (67 bytes)
1739713796.992136 sending message 105 to peer 0x150048000 (17 bytes)
1739713796.992139 sending message 105 to peer 0x150048000 (385 bytes)
1739713796.992142 sending message 105 to peer 0x150048000 (72 bytes)
1739713796.992144 sending message 105 to peer 0x150048000 (42 bytes)
1739713796.992148 sending message 105 to peer 0x150048000 (19 bytes)
1739713796.992151 sending message 105 to peer 0x150048000 (17 bytes)
1739713796.992154 sending message 105 to peer 0x150048000 (15 bytes)
1739713796.992157 sending message 105 to peer 0x150048000 (57 bytes)
1739713796.992160 sending message 105 to peer 0x150048000 (143 bytes)
1739713796.992163 sending message 105 to peer 0x150048000 (17 bytes)
1739713796.992165 sending message 105 to peer 0x150048000 (20 bytes)
1739713796.992168 sending message 105 to peer 0x150048000 (10 bytes)
1739713796.992170 sending message 105 to peer 0x150048000 (24 bytes)
1739713796.992173 sending message 105 to peer 0x150048000 (22 bytes)
1739713796.992184 sending message 105 to peer 0x150048000 (14 bytes)
1739713796.992187 sending message 105 to peer 0x150048000 (16 bytes)
1739713796.992190 sending message 105 to peer 0x150048000 (13 bytes)
1739713796.992193 sending message 105 to peer 0x150048000 (66 bytes)
1739713796.992195 sending message 105 to peer 0x150048000 (60 bytes)
1739713796.992198 sending message 105 to peer 0x150048000 (54 bytes)
1739713796.992201 sending message 105 to peer 0x150048000 (14 bytes)
1739713796.992204 sending message 105 to peer 0x150048000 (8 bytes)
1739713796.992206 sending message 105 to peer 0x150048000 (27 bytes)
1739713796.992209 sending message 105 to peer 0x150048000 (30 bytes)
1739713796.992213 sending message 105 to peer 0x150048000 (37 bytes)
1739713796.992218 sending message 105 to peer 0x150048000 (34 bytes)
1739713796.992222 sending message 105 to peer 0x150048000 (35 bytes)
1739713796.992227 sending message 105 to peer 0x150048000 (25 bytes)
1739713796.992231 sending message 105 to peer 0x150048000 (16 bytes)
1739713796.992235 sending message 105 to peer 0x150048000 (52 bytes)
1739713796.992238 sending message 105 to peer 0x150048000 (61 bytes)
1739713796.992241 sending message 105 to peer 0x150048000 (12 bytes)
1739713796.992243 sending message 105 to peer 0x150048000 (54 bytes)
1739713796.992246 sending message 105 to peer 0x150048000 (45 bytes)
1739713796.992249 sending message 105 to peer 0x150048000 (31 bytes)
1739713796.992251 sending message 105 to peer 0x150048000 (46 bytes)
1739713796.992254 sending message 105 to peer 0x150048000 (28 bytes)
1739713796.992256 sending message 105 to peer 0x150048000 (53 bytes)
1739713796.992259 sending message 105 to peer 0x150048000 (25 bytes)
1739713796.992261 sending message 106 to peer 0x150048000 (0 bytes)
1739713796.992318 sending message 200 to peer 0x150048000 (4 bytes)
1739713796.992322 client loop enter
1739713796.997131 peer 0x150048000 message 207
1739713796.997163 sending message 208 to peer 0x150048000 (0 bytes)
1739713842.185335 peer 0x150048000 message 210
1739713842.185417 sending message 205 to peer 0x150048000 (0 bytes)
1739713842.185682 peer 0x150048000 message 204
1739713842.185737 client loop exit
