1739713790.230923 client started (7154): version 3.5a, socket /private/tmp/tmux-501/default, protocol 8
1739713790.231042 on Darwin 24.3.0 Darwin Kernel Version 24.3.0: Thu Jan  2 20:24:22 PST 2025; root:xnu-11215.81.4~3/RELEASE_ARM64_T6041
1739713790.231088 using libevent 2.1.12-stable select
1739713790.231160 using utf8proc 2.10.0
1739713790.231182 using ncurses 6.5 20240427
1739713790.231219 flags are 0x10010000
1739713790.231238 socket is /private/tmp/tmux-501/default
1739713790.231267 trying connect
1739713790.231379 add peer 0x158048000: 6 (0x0)
1739713790.234034 sending message 111 to peer 0x158048000 (8 bytes)
1739713790.234089 sending message 111 to peer 0x158048000 (8 bytes)
1739713790.234104 sending message 101 to peer 0x158048000 (14 bytes)
1739713790.234115 sending message 109 to peer 0x158048000 (4 bytes)
1739713790.234126 sending message 102 to peer 0x158048000 (13 bytes)
1739713790.234136 sending message 108 to peer 0x158048000 (25 bytes)
1739713790.234145 sending message 112 to peer 0x158048000 (70 bytes)
1739713790.234154 sending message 112 to peer 0x158048000 (5 bytes)
1739713790.234163 sending message 112 to peer 0x158048000 (5 bytes)
1739713790.234172 sending message 112 to peer 0x158048000 (6 bytes)
1739713790.234180 sending message 112 to peer 0x158048000 (6 bytes)
1739713790.234188 sending message 112 to peer 0x158048000 (11 bytes)
1739713790.234197 sending message 112 to peer 0x158048000 (10 bytes)
1739713790.234205 sending message 112 to peer 0x158048000 (13 bytes)
1739713790.234213 sending message 112 to peer 0x158048000 (13 bytes)
1739713790.234221 sending message 112 to peer 0x158048000 (18 bytes)
1739713790.234229 sending message 112 to peer 0x158048000 (11 bytes)
1739713790.234237 sending message 112 to peer 0x158048000 (10 bytes)
1739713790.234246 sending message 112 to peer 0x158048000 (15 bytes)
1739713790.234254 sending message 112 to peer 0x158048000 (21 bytes)
1739713790.234263 sending message 112 to peer 0x158048000 (13 bytes)
1739713790.234271 sending message 112 to peer 0x158048000 (7 bytes)
1739713790.234280 sending message 112 to peer 0x158048000 (13 bytes)
1739713790.234288 sending message 112 to peer 0x158048000 (7 bytes)
1739713790.234296 sending message 112 to peer 0x158048000 (13 bytes)
1739713790.234304 sending message 112 to peer 0x158048000 (9 bytes)
1739713790.234313 sending message 112 to peer 0x158048000 (21 bytes)
1739713790.234321 sending message 112 to peer 0x158048000 (13 bytes)
1739713790.234330 sending message 112 to peer 0x158048000 (8 bytes)
1739713790.234338 sending message 112 to peer 0x158048000 (12 bytes)
1739713790.234347 sending message 112 to peer 0x158048000 (13 bytes)
1739713790.234356 sending message 112 to peer 0x158048000 (9 bytes)
1739713790.234365 sending message 112 to peer 0x158048000 (9 bytes)
1739713790.234373 sending message 112 to peer 0x158048000 (12 bytes)
1739713790.234382 sending message 112 to peer 0x158048000 (8 bytes)
1739713790.234390 sending message 112 to peer 0x158048000 (8 bytes)
1739713790.234399 sending message 112 to peer 0x158048000 (7 bytes)
1739713790.234408 sending message 112 to peer 0x158048000 (7 bytes)
1739713790.234417 sending message 112 to peer 0x158048000 (9 bytes)
1739713790.234425 sending message 112 to peer 0x158048000 (13 bytes)
1739713790.234434 sending message 112 to peer 0x158048000 (6 bytes)
1739713790.234443 sending message 112 to peer 0x158048000 (9 bytes)
1739713790.234452 sending message 112 to peer 0x158048000 (15 bytes)
1739713790.234460 sending message 112 to peer 0x158048000 (13 bytes)
1739713790.234469 sending message 112 to peer 0x158048000 (12 bytes)
1739713790.234478 sending message 112 to peer 0x158048000 (8 bytes)
1739713790.234486 sending message 112 to peer 0x158048000 (14 bytes)
1739713790.234495 sending message 112 to peer 0x158048000 (11 bytes)
1739713790.234503 sending message 112 to peer 0x158048000 (9 bytes)
1739713790.234512 sending message 112 to peer 0x158048000 (10 bytes)
1739713790.234521 sending message 112 to peer 0x158048000 (10 bytes)
1739713790.234530 sending message 112 to peer 0x158048000 (10 bytes)
1739713790.234561 sending message 112 to peer 0x158048000 (10 bytes)
1739713790.234569 sending message 112 to peer 0x158048000 (11 bytes)
1739713790.234576 sending message 112 to peer 0x158048000 (12 bytes)
1739713790.234582 sending message 112 to peer 0x158048000 (12 bytes)
1739713790.234588 sending message 112 to peer 0x158048000 (12 bytes)
1739713790.234594 sending message 112 to peer 0x158048000 (12 bytes)
1739713790.234601 sending message 112 to peer 0x158048000 (12 bytes)
1739713790.234607 sending message 112 to peer 0x158048000 (11 bytes)
1739713790.234613 sending message 112 to peer 0x158048000 (11 bytes)
1739713790.234619 sending message 112 to peer 0x158048000 (12 bytes)
1739713790.234625 sending message 112 to peer 0x158048000 (12 bytes)
1739713790.234632 sending message 112 to peer 0x158048000 (12 bytes)
1739713790.234638 sending message 112 to peer 0x158048000 (12 bytes)
1739713790.234644 sending message 112 to peer 0x158048000 (12 bytes)
1739713790.234650 sending message 112 to peer 0x158048000 (10 bytes)
1739713790.234657 sending message 112 to peer 0x158048000 (12 bytes)
1739713790.234664 sending message 112 to peer 0x158048000 (13 bytes)
1739713790.234671 sending message 112 to peer 0x158048000 (13 bytes)
1739713790.234678 sending message 112 to peer 0x158048000 (13 bytes)
1739713790.234686 sending message 112 to peer 0x158048000 (13 bytes)
1739713790.234693 sending message 112 to peer 0x158048000 (13 bytes)
1739713790.234700 sending message 112 to peer 0x158048000 (8 bytes)
1739713790.234706 sending message 112 to peer 0x158048000 (11 bytes)
1739713790.234712 sending message 112 to peer 0x158048000 (11 bytes)
1739713790.234718 sending message 112 to peer 0x158048000 (11 bytes)
1739713790.234724 sending message 112 to peer 0x158048000 (12 bytes)
1739713790.234729 sending message 112 to peer 0x158048000 (12 bytes)
1739713790.234735 sending message 112 to peer 0x158048000 (12 bytes)
1739713790.234740 sending message 112 to peer 0x158048000 (12 bytes)
1739713790.234746 sending message 112 to peer 0x158048000 (13 bytes)
1739713790.234752 sending message 112 to peer 0x158048000 (13 bytes)
1739713790.234757 sending message 112 to peer 0x158048000 (13 bytes)
1739713790.234763 sending message 112 to peer 0x158048000 (8 bytes)
1739713790.234768 sending message 112 to peer 0x158048000 (13 bytes)
1739713790.234774 sending message 112 to peer 0x158048000 (13 bytes)
1739713790.234780 sending message 112 to peer 0x158048000 (13 bytes)
1739713790.234787 sending message 112 to peer 0x158048000 (13 bytes)
1739713790.234793 sending message 112 to peer 0x158048000 (13 bytes)
1739713790.234800 sending message 112 to peer 0x158048000 (12 bytes)
1739713790.234806 sending message 112 to peer 0x158048000 (12 bytes)
1739713790.234812 sending message 112 to peer 0x158048000 (12 bytes)
1739713790.234827 sending message 112 to peer 0x158048000 (12 bytes)
1739713790.234838 sending message 112 to peer 0x158048000 (13 bytes)
1739713790.234847 sending message 112 to peer 0x158048000 (8 bytes)
1739713790.234860 sending message 112 to peer 0x158048000 (13 bytes)
1739713790.234873 sending message 112 to peer 0x158048000 (13 bytes)
1739713790.234886 sending message 112 to peer 0x158048000 (13 bytes)
1739713790.234898 sending message 112 to peer 0x158048000 (13 bytes)
1739713790.234911 sending message 112 to peer 0x158048000 (13 bytes)
1739713790.234919 sending message 112 to peer 0x158048000 (13 bytes)
1739713790.234926 sending message 112 to peer 0x158048000 (13 bytes)
1739713790.234934 sending message 112 to peer 0x158048000 (12 bytes)
1739713790.234942 sending message 112 to peer 0x158048000 (12 bytes)
1739713790.234949 sending message 112 to peer 0x158048000 (12 bytes)
1739713790.234957 sending message 112 to peer 0x158048000 (8 bytes)
1739713790.234964 sending message 112 to peer 0x158048000 (12 bytes)
1739713790.234971 sending message 112 to peer 0x158048000 (13 bytes)
1739713790.234979 sending message 112 to peer 0x158048000 (13 bytes)
1739713790.234987 sending message 112 to peer 0x158048000 (13 bytes)
1739713790.234994 sending message 112 to peer 0x158048000 (13 bytes)
1739713790.235021 sending message 112 to peer 0x158048000 (13 bytes)
1739713790.235030 sending message 112 to peer 0x158048000 (13 bytes)
1739713790.235038 sending message 112 to peer 0x158048000 (13 bytes)
1739713790.235046 sending message 112 to peer 0x158048000 (13 bytes)
1739713790.235053 sending message 112 to peer 0x158048000 (12 bytes)
1739713790.235061 sending message 112 to peer 0x158048000 (10 bytes)
1739713790.235068 sending message 112 to peer 0x158048000 (12 bytes)
1739713790.235076 sending message 112 to peer 0x158048000 (12 bytes)
1739713790.235083 sending message 112 to peer 0x158048000 (12 bytes)
1739713790.235091 sending message 112 to peer 0x158048000 (13 bytes)
1739713790.235098 sending message 112 to peer 0x158048000 (13 bytes)
1739713790.235105 sending message 112 to peer 0x158048000 (13 bytes)
1739713790.235113 sending message 112 to peer 0x158048000 (13 bytes)
1739713790.235120 sending message 112 to peer 0x158048000 (13 bytes)
1739713790.235127 sending message 112 to peer 0x158048000 (13 bytes)
1739713790.235135 sending message 112 to peer 0x158048000 (13 bytes)
1739713790.235142 sending message 112 to peer 0x158048000 (10 bytes)
1739713790.235149 sending message 112 to peer 0x158048000 (13 bytes)
1739713790.235157 sending message 112 to peer 0x158048000 (12 bytes)
1739713790.235164 sending message 112 to peer 0x158048000 (12 bytes)
1739713790.235172 sending message 112 to peer 0x158048000 (12 bytes)
1739713790.235179 sending message 112 to peer 0x158048000 (10 bytes)
1739713790.235187 sending message 112 to peer 0x158048000 (10 bytes)
1739713790.235194 sending message 112 to peer 0x158048000 (10 bytes)
1739713790.235201 sending message 112 to peer 0x158048000 (12 bytes)
1739713790.235209 sending message 112 to peer 0x158048000 (13 bytes)
1739713790.235216 sending message 112 to peer 0x158048000 (13 bytes)
1739713790.235224 sending message 112 to peer 0x158048000 (13 bytes)
1739713790.235231 sending message 112 to peer 0x158048000 (13 bytes)
1739713790.235238 sending message 112 to peer 0x158048000 (13 bytes)
1739713790.235246 sending message 112 to peer 0x158048000 (11 bytes)
1739713790.235253 sending message 112 to peer 0x158048000 (11 bytes)
1739713790.235260 sending message 112 to peer 0x158048000 (12 bytes)
1739713790.235268 sending message 112 to peer 0x158048000 (12 bytes)
1739713790.235275 sending message 112 to peer 0x158048000 (12 bytes)
1739713790.235283 sending message 112 to peer 0x158048000 (12 bytes)
1739713790.235290 sending message 112 to peer 0x158048000 (12 bytes)
1739713790.235298 sending message 112 to peer 0x158048000 (11 bytes)
1739713790.235305 sending message 112 to peer 0x158048000 (12 bytes)
1739713790.235312 sending message 112 to peer 0x158048000 (12 bytes)
1739713790.235320 sending message 112 to peer 0x158048000 (13 bytes)
1739713790.235327 sending message 112 to peer 0x158048000 (13 bytes)
1739713790.235335 sending message 112 to peer 0x158048000 (13 bytes)
1739713790.235342 sending message 112 to peer 0x158048000 (13 bytes)
1739713790.235349 sending message 112 to peer 0x158048000 (13 bytes)
1739713790.235356 sending message 112 to peer 0x158048000 (10 bytes)
1739713790.235363 sending message 112 to peer 0x158048000 (9 bytes)
1739713790.235370 sending message 112 to peer 0x158048000 (12 bytes)
1739713790.235377 sending message 112 to peer 0x158048000 (13 bytes)
1739713790.235385 sending message 112 to peer 0x158048000 (13 bytes)
1739713790.235392 sending message 112 to peer 0x158048000 (13 bytes)
1739713790.235399 sending message 112 to peer 0x158048000 (13 bytes)
1739713790.235406 sending message 112 to peer 0x158048000 (13 bytes)
1739713790.235413 sending message 112 to peer 0x158048000 (9 bytes)
1739713790.235420 sending message 112 to peer 0x158048000 (12 bytes)
1739713790.235426 sending message 112 to peer 0x158048000 (13 bytes)
1739713790.235433 sending message 112 to peer 0x158048000 (13 bytes)
1739713790.235440 sending message 112 to peer 0x158048000 (13 bytes)
1739713790.235446 sending message 112 to peer 0x158048000 (13 bytes)
1739713790.235462 sending message 112 to peer 0x158048000 (13 bytes)
1739713790.235470 sending message 112 to peer 0x158048000 (11 bytes)
1739713790.235477 sending message 112 to peer 0x158048000 (12 bytes)
1739713790.235483 sending message 112 to peer 0x158048000 (13 bytes)
1739713790.235490 sending message 112 to peer 0x158048000 (13 bytes)
1739713790.235496 sending message 112 to peer 0x158048000 (13 bytes)
1739713790.235503 sending message 112 to peer 0x158048000 (13 bytes)
1739713790.235510 sending message 112 to peer 0x158048000 (13 bytes)
1739713790.235516 sending message 112 to peer 0x158048000 (11 bytes)
1739713790.235523 sending message 112 to peer 0x158048000 (12 bytes)
1739713790.235530 sending message 112 to peer 0x158048000 (12 bytes)
1739713790.235536 sending message 112 to peer 0x158048000 (12 bytes)
1739713790.235542 sending message 112 to peer 0x158048000 (12 bytes)
1739713790.235549 sending message 112 to peer 0x158048000 (12 bytes)
1739713790.235555 sending message 112 to peer 0x158048000 (21 bytes)
1739713790.235562 sending message 112 to peer 0x158048000 (12 bytes)
1739713790.235568 sending message 112 to peer 0x158048000 (9 bytes)
1739713790.235575 sending message 112 to peer 0x158048000 (6 bytes)
1739713790.235582 sending message 112 to peer 0x158048000 (13 bytes)
1739713790.235588 sending message 112 to peer 0x158048000 (8 bytes)
1739713790.235595 sending message 112 to peer 0x158048000 (15 bytes)
1739713790.235601 sending message 112 to peer 0x158048000 (13 bytes)
1739713790.235608 sending message 112 to peer 0x158048000 (9 bytes)
1739713790.235614 sending message 112 to peer 0x158048000 (70 bytes)
1739713790.235621 sending message 112 to peer 0x158048000 (69 bytes)
1739713790.235627 sending message 112 to peer 0x158048000 (10 bytes)
1739713790.235634 sending message 112 to peer 0x158048000 (10 bytes)
1739713790.235640 sending message 112 to peer 0x158048000 (8 bytes)
1739713790.235646 sending message 112 to peer 0x158048000 (15 bytes)
1739713790.235653 sending message 112 to peer 0x158048000 (13 bytes)
1739713790.235659 sending message 112 to peer 0x158048000 (10 bytes)
1739713790.235666 sending message 112 to peer 0x158048000 (10 bytes)
1739713790.235672 sending message 112 to peer 0x158048000 (17 bytes)
1739713790.235679 sending message 112 to peer 0x158048000 (10 bytes)
1739713790.235686 sending message 112 to peer 0x158048000 (13 bytes)
1739713790.235692 sending message 112 to peer 0x158048000 (9 bytes)
1739713790.235699 sending message 112 to peer 0x158048000 (5 bytes)
1739713790.235705 sending message 112 to peer 0x158048000 (15 bytes)
1739713790.235716 sending message 104 to peer 0x158048000 (0 bytes)
1739713790.235724 sending message 110 to peer 0x158048000 (0 bytes)
1739713790.235730 sending message 107 to peer 0x158048000 (4 bytes)
1739713790.235737 sending message 105 to peer 0x158048000 (45 bytes)
1739713790.235743 sending message 105 to peer 0x158048000 (20 bytes)
1739713790.235749 sending message 105 to peer 0x158048000 (22 bytes)
1739713790.235755 sending message 105 to peer 0x158048000 (12 bytes)
1739713790.235762 sending message 105 to peer 0x158048000 (17 bytes)
1739713790.235768 sending message 105 to peer 0x158048000 (37 bytes)
1739713790.235774 sending message 105 to peer 0x158048000 (30 bytes)
1739713790.235781 sending message 105 to peer 0x158048000 (34 bytes)
1739713790.235787 sending message 105 to peer 0x158048000 (60 bytes)
1739713790.235793 sending message 105 to peer 0x158048000 (54 bytes)
1739713790.235800 sending message 105 to peer 0x158048000 (72 bytes)
1739713790.235806 sending message 105 to peer 0x158048000 (16 bytes)
1739713790.235812 sending message 105 to peer 0x158048000 (60 bytes)
1739713790.235818 sending message 105 to peer 0x158048000 (18 bytes)
1739713790.235825 sending message 105 to peer 0x158048000 (17 bytes)
1739713790.235831 sending message 105 to peer 0x158048000 (13 bytes)
1739713790.235837 sending message 105 to peer 0x158048000 (54 bytes)
1739713790.235843 sending message 105 to peer 0x158048000 (193 bytes)
1739713790.235866 sending message 105 to peer 0x158048000 (52 bytes)
1739713790.235875 sending message 105 to peer 0x158048000 (16 bytes)
1739713790.235882 sending message 105 to peer 0x158048000 (25 bytes)
1739713790.235889 sending message 105 to peer 0x158048000 (61 bytes)
1739713790.235896 sending message 105 to peer 0x158048000 (32 bytes)
1739713790.235903 sending message 105 to peer 0x158048000 (614 bytes)
1739713790.235910 sending message 105 to peer 0x158048000 (29 bytes)
1739713790.235916 sending message 105 to peer 0x158048000 (46 bytes)
1739713790.235923 sending message 105 to peer 0x158048000 (53 bytes)
1739713790.235929 sending message 105 to peer 0x158048000 (31 bytes)
1739713790.235936 sending message 105 to peer 0x158048000 (28 bytes)
1739713790.235942 sending message 105 to peer 0x158048000 (24 bytes)
1739713790.235968 sending message 105 to peer 0x158048000 (15 bytes)
1739713790.235982 sending message 105 to peer 0x158048000 (8 bytes)
1739713790.235989 sending message 105 to peer 0x158048000 (66 bytes)
1739713790.235996 sending message 105 to peer 0x158048000 (19 bytes)
1739713790.236003 sending message 105 to peer 0x158048000 (67 bytes)
1739713790.236009 sending message 105 to peer 0x158048000 (18 bytes)
1739713790.236016 sending message 105 to peer 0x158048000 (26 bytes)
1739713790.236022 sending message 105 to peer 0x158048000 (57 bytes)
1739713790.236029 sending message 105 to peer 0x158048000 (43 bytes)
1739713790.236035 sending message 105 to peer 0x158048000 (13 bytes)
1739713790.236042 sending message 105 to peer 0x158048000 (10 bytes)
1739713790.236048 sending message 105 to peer 0x158048000 (14 bytes)
1739713790.236055 sending message 105 to peer 0x158048000 (14 bytes)
1739713790.236061 sending message 105 to peer 0x158048000 (19 bytes)
1739713790.236068 sending message 105 to peer 0x158048000 (42 bytes)
1739713790.236074 sending message 105 to peer 0x158048000 (38 bytes)
1739713790.236081 sending message 105 to peer 0x158048000 (25 bytes)
1739713790.236087 sending message 106 to peer 0x158048000 (0 bytes)
1739713790.236203 sending message 200 to peer 0x158048000 (4 bytes)
1739713790.236229 client loop enter
1739713790.236559 peer 0x158048000 message 303
1739713790.236617 open write file 2 -
1739713790.236651 sending message 305 to peer 0x158048000 (8 bytes)
1739713790.236687 write check file 2
1739713790.236759 peer 0x158048000 message 304
1739713790.236786 write 58 to file 2
1739713790.236797 peer 0x158048000 message 203
1739713790.236806 file 2 58 bytes left
1739713790.236832 write check file 2
1739713790.236846 client loop exit
